<?xml version="1.0" encoding="UTF-8"?>
<!-- Generated by org.testng.reporters.JUnitReportReporter -->
<testsuite skipped="0" hostname="KVM396-R9WAK6G" name="alpha.demo1" tests="1" failures="0" timestamp="06 Aug 2017 03:15:36 GMT" time="32.734" errors="0">
  <testcase name="method1" time="32.734" classname="alpha.demo1"/>
</testsuite> <!-- alpha.demo1 -->
